<?xml version="1.0" encoding="utf-8"?>
<coverage line-rate="0.9699" branch-rate="0.9264" version="1.9" timestamp="1787085003" lines-covered="226" lines-valid="233" branches-covered="126" branches-valid="136">
  <sources>
    <source>/Users/ctg/git/dotnet-isolate/src/DotnetIsolate/DotnetIsolate.Core/</source>
  </sources>
  <packages>
    <package name="DotnetIsolate.Core" line-rate="0.9699" branch-rate="0.9264" complexity="166">
      <classes>
        <class name="DotnetIsolate.Core.Report" filename="Report.fs" line-rate="1" branch-rate="0.9166" complexity="12">
          <methods>
            <method name="warnings" signature="(DotnetIsolate.Core.Pipeline/IsolateResult)" line-rate="1" branch-rate="0.9166" complexity="12">
              <lines>
                <line number="13" hits="10" branch="True" condition-coverage="100% (2/2)">
                  <conditions>
                    <condition number="13" type="jump" coverage="100%" />
                  </conditions>
                </line>
                <line number="14" hits="1" branch="False" />
                <line number="15" hits="5" branch="False" />
                <line number="16" hits="16" branch="True" condition-coverage="100% (2/2)">
                  <conditions>
                    <condition number="173" type="jump" coverage="100%" />
                  </conditions>
                </line>
                <line number="17" hits="1" branch="False" />
                <line number="18" hits="5" branch="False" />
                <line number="19" hits="5" branch="True" condition-coverage="100% (2/2)">
                  <conditions>
                    <condition number="214" type="jump" coverage="100%" />
                  </conditions>
                </line>
                <line number="20" hits="1" branch="False" />
                <line number="21" hits="5" branch="False" />
                <line number="22" hits="16" branch="True" condition-coverage="100% (2/2)">
                  <conditions>
                    <condition number="351" type="jump" coverage="100%" />
                  </conditions>
                </line>
                <line number="23" hits="1" branch="False" />
                <line number="24" hits="5" branch="False" />
                <line number="25" hits="16" branch="True" condition-coverage="100% (2/2)">
                  <conditions>
                    <condition number="457" type="jump" coverage="100%" />
                  </conditions>
                </line>
                <line number="26" hits="1" branch="False" />
                <line number="27" hits="5" branch="False" />
                <line number="28" hits="5" branch="False" />
                <line number="29" hits="15" branch="True" condition-coverage="50% (1/2)">
                  <conditions>
                    <condition number="591" type="jump" coverage="50%" />
                  </conditions>
                </line>
                <line number="30" hits="5" branch="False" />
              </lines>
            </method>
          </methods>
          <lines>
            <line number="13" hits="10" branch="True" condition-coverage="100% (2/2)">
              <conditions>
                <condition number="13" type="jump" coverage="100%" />
              </conditions>
            </line>
            <line number="14" hits="1" branch="False" />
            <line number="15" hits="5" branch="False" />
            <line number="16" hits="16" branch="True" condition-coverage="100% (2/2)">
              <conditions>
                <condition number="173" type="jump" coverage="100%" />
              </conditions>
            </line>
            <line number="17" hits="1" branch="False" />
            <line number="18" hits="5" branch="False" />
            <line number="19" hits="5" branch="True" condition-coverage="100% (2/2)">
              <conditions>
                <condition number="214" type="jump" coverage="100%" />
              </conditions>
            </line>
            <line number="20" hits="1" branch="False" />
            <line number="21" hits="5" branch="False" />
            <line number="22" hits="16" branch="True" condition-coverage="100% (2/2)">
              <conditions>
                <condition number="351" type="jump" coverage="100%" />
              </conditions>
            </line>
            <line number="23" hits="1" branch="False" />
            <line number="24" hits="5" branch="False" />
            <line number="25" hits="16" branch="True" condition-coverage="100% (2/2)">
              <conditions>
                <condition number="457" type="jump" coverage="100%" />
              </conditions>
            </line>
            <line number="26" hits="1" branch="False" />
            <line number="27" hits="5" branch="False" />
            <line number="28" hits="5" branch="False" />
            <line number="29" hits="15" branch="True" condition-coverage="50% (1/2)">
              <conditions>
                <condition number="591" type="jump" coverage="50%" />
              </conditions>
            </line>
            <line number="30" hits="5" branch="False" />
          </lines>
        </class>
        <class name="DotnetIsolate.Core.Phase" filename="Phase.fs" line-rate="1" branch-rate="1" complexity="2">
          <methods>
            <method name="isRestoreRelevantName@37" signature="(System.String)" line-rate="1" branch-rate="1" complexity="1">
              <lines>
                <line number="38" hits="11" branch="False" />
                <line number="40" hits="11" branch="False" />
                <line number="41" hits="60" branch="False" />
              </lines>
            </method>
            <method name="restoreSubset" signature="(Microsoft.FSharp.Collections.FSharpList`1&lt;System.String&gt;,Microsoft.FSharp.Collections.FSharpList`1&lt;System.String&gt;)" line-rate="1" branch-rate="1" complexity="1">
              <lines>
                <line number="35" hits="5" branch="False" />
                <line number="43" hits="5" branch="False" />
                <line number="44" hits="37" branch="False" />
              </lines>
            </method>
          </methods>
          <lines>
            <line number="38" hits="11" branch="False" />
            <line number="40" hits="11" branch="False" />
            <line number="41" hits="60" branch="False" />
            <line number="35" hits="5" branch="False" />
            <line number="43" hits="5" branch="False" />
            <line number="44" hits="37" branch="False" />
          </lines>
        </class>
        <class name="DotnetIsolate.Core.Phase/restoreSubset@44" filename="Phase.fs" line-rate="1" branch-rate="1" complexity="2">
          <methods />
          <lines />
        </class>
        <class name="DotnetIsolate.Core.FileResolution" filename="FileResolution.fs" line-rate="1" branch-rate="1" complexity="6">
          <methods>
            <method name="itemsOfTypes" signature="(Microsoft.FSharp.Collections.FSharpList`1&lt;System.String&gt;,Microsoft.FSharp.Collections.FSharpMap`2&lt;System.String,Microsoft.FSharp.Collections.FSharpList`1&lt;System.String&gt;&gt;)" line-rate="1" branch-rate="1" complexity="1">
              <lines>
                <line number="84" hits="288" branch="False" />
              </lines>
            </method>
            <method name="resolvePropertyFiles" signature="(Microsoft.FSharp.Core.FSharpFunc`2&lt;System.String,System.Boolean&gt;,Microsoft.FSharp.Collections.FSharpMap`2&lt;System.String,System.String&gt;,System.String)" line-rate="1" branch-rate="1" complexity="1">
              <lines>
                <line number="100" hits="24" branch="False" />
                <line number="102" hits="24" branch="False" />
                <line number="103" hits="144" branch="False" />
                <line number="104" hits="14" branch="False" />
                <line number="105" hits="14" branch="False" />
                <line number="106" hits="13" branch="False" />
                <line number="107" hits="24" branch="False" />
              </lines>
            </method>
            <method name="resolveOutputDirectories" signature="(Microsoft.FSharp.Collections.FSharpMap`2&lt;System.String,System.String&gt;,System.String)" line-rate="1" branch-rate="1" complexity="1">
              <lines>
                <line number="119" hits="2" branch="False" />
                <line number="121" hits="2" branch="False" />
                <line number="122" hits="6" branch="False" />
                <line number="123" hits="5" branch="False" />
                <line number="124" hits="5" branch="False" />
                <line number="125" hits="3" branch="False" />
                <line number="126" hits="2" branch="False" />
              </lines>
            </method>
            <method name="resolveFiles" signature="(DotnetIsolate.Core.FileResolution/Resolvers,System.String)" line-rate="1" branch-rate="1" complexity="2">
              <lines>
                <line number="147" hits="24" branch="False" />
                <line number="150" hits="24" branch="True" condition-coverage="100% (2/2)">
                  <conditions>
                    <condition number="21" type="jump" coverage="100%" />
                  </conditions>
                </line>
                <line number="151" hits="4" branch="False" />
                <line number="152" hits="20" branch="False" />
                <line number="154" hits="24" branch="False" />
                <line number="157" hits="24" branch="False" />
                <line number="159" hits="24" branch="False" />
                <line number="161" hits="24" branch="False" />
                <line number="162" hits="24" branch="False" />
                <line number="164" hits="24" branch="False" />
                <line number="165" hits="24" branch="False" />
              </lines>
            </method>
            <method name="resolveAllFiles" signature="(DotnetIsolate.Core.FileResolution/Resolvers,Microsoft.FSharp.Collections.FSharpList`1&lt;System.String&gt;)" line-rate="1" branch-rate="1" complexity="1">
              <lines>
                <line number="170" hits="3" branch="False" />
                <line number="172" hits="10" branch="False" />
                <line number="173" hits="10" branch="False" />
              </lines>
            </method>
          </methods>
          <lines>
            <line number="84" hits="288" branch="False" />
            <line number="100" hits="24" branch="False" />
            <line number="102" hits="24" branch="False" />
            <line number="103" hits="144" branch="False" />
            <line number="104" hits="14" branch="False" />
            <line number="105" hits="14" branch="False" />
            <line number="106" hits="13" branch="False" />
            <line number="107" hits="24" branch="False" />
            <line number="119" hits="2" branch="False" />
            <line number="121" hits="2" branch="False" />
            <line number="122" hits="6" branch="False" />
            <line number="123" hits="5" branch="False" />
            <line number="124" hits="5" branch="False" />
            <line number="125" hits="3" branch="False" />
            <line number="126" hits="2" branch="False" />
            <line number="147" hits="24" branch="False" />
            <line number="150" hits="24" branch="True" condition-coverage="100% (2/2)">
              <conditions>
                <condition number="21" type="jump" coverage="100%" />
              </conditions>
            </line>
            <line number="151" hits="4" branch="False" />
            <line number="152" hits="20" branch="False" />
            <line number="154" hits="24" branch="False" />
            <line number="157" hits="24" branch="False" />
            <line number="159" hits="24" branch="False" />
            <line number="161" hits="24" branch="False" />
            <line number="162" hits="24" branch="False" />
            <line number="164" hits="24" branch="False" />
            <line number="165" hits="24" branch="False" />
            <line number="170" hits="3" branch="False" />
            <line number="172" hits="10" branch="False" />
            <line number="173" hits="10" branch="False" />
          </lines>
        </class>
        <class name="DotnetIsolate.Core.FileResolution/itemsOfTypes@84" filename="FileResolution.fs" line-rate="1" branch-rate="1" complexity="2">
          <methods />
          <lines />
        </class>
        <class name="DotnetIsolate.Core.SolutionFileXml" filename="SolutionFileXml.fs" line-rate="0.875" branch-rate="1" complexity="12">
          <methods>
            <method name="isProject" signature="(System.Xml.Linq.XElement)" line-rate="0" branch-rate="1" complexity="1">
              <lines>
                <line number="8" hits="0" branch="False" />
              </lines>
            </method>
            <method name="isFolder" signature="(System.Xml.Linq.XElement)" line-rate="0" branch-rate="1" complexity="1">
              <lines>
                <line number="9" hits="0" branch="False" />
              </lines>
            </method>
            <method name="pruneEmptyFolders" signature="(System.Xml.Linq.XElement)" line-rate="1" branch-rate="1" complexity="6">
              <lines>
                <line number="16" hits="10" branch="True" condition-coverage="100% (2/2)">
                  <conditions>
                    <condition number="47" type="jump" coverage="100%" />
                  </conditions>
                </line>
                <line number="18" hits="23" branch="True" condition-coverage="100% (4/4)">
                  <conditions>
                    <condition number="71" type="jump" coverage="100%" />
                    <condition number="94" type="jump" coverage="100%" />
                  </conditions>
                </line>
                <line number="19" hits="1" branch="False" />
              </lines>
            </method>
            <method name="resolvedPath@29-1" signature="(System.String,System.Xml.Linq.XElement)" line-rate="1" branch-rate="1" complexity="2">
              <lines>
                <line number="30" hits="8" branch="True" condition-coverage="100% (2/2)">
                  <conditions>
                    <condition number="18" type="jump" coverage="100%" />
                  </conditions>
                </line>
                <line number="31" hits="1" branch="False" />
                <line number="32" hits="7" branch="False" />
              </lines>
            </method>
            <method name="filterSlnx" signature="(System.String,Microsoft.FSharp.Collections.FSharpSet`1&lt;System.String&gt;,System.String)" line-rate="1" branch-rate="1" complexity="2">
              <lines>
                <line number="27" hits="6" branch="False" />
                <line number="36" hits="6" branch="False" />
                <line number="38" hits="6" branch="True" condition-coverage="100% (2/2)">
                  <conditions>
                    <condition number="88" type="jump" coverage="100%" />
                  </conditions>
                </line>
                <line number="39" hits="6" branch="False" />
                <line number="40" hits="8" branch="False" />
                <line number="41" hits="6" branch="False" />
                <line number="43" hits="5" branch="False" />
                <line number="45" hits="5" branch="False" />
              </lines>
            </method>
          </methods>
          <lines>
            <line number="8" hits="0" branch="False" />
            <line number="9" hits="0" branch="False" />
            <line number="16" hits="10" branch="True" condition-coverage="100% (2/2)">
              <conditions>
                <condition number="47" type="jump" coverage="100%" />
              </conditions>
            </line>
            <line number="18" hits="23" branch="True" condition-coverage="100% (4/4)">
              <conditions>
                <condition number="71" type="jump" coverage="100%" />
                <condition number="94" type="jump" coverage="100%" />
              </conditions>
            </line>
            <line number="19" hits="1" branch="False" />
            <line number="30" hits="8" branch="True" condition-coverage="100% (2/2)">
              <conditions>
                <condition number="18" type="jump" coverage="100%" />
              </conditions>
            </line>
            <line number="31" hits="1" branch="False" />
            <line number="32" hits="7" branch="False" />
            <line number="27" hits="6" branch="False" />
            <line number="36" hits="6" branch="False" />
            <line number="38" hits="6" branch="True" condition-coverage="100% (2/2)">
              <conditions>
                <condition number="88" type="jump" coverage="100%" />
              </conditions>
            </line>
            <line number="39" hits="6" branch="False" />
            <line number="40" hits="8" branch="False" />
            <line number="41" hits="6" branch="False" />
            <line number="43" hits="5" branch="False" />
            <line number="45" hits="5" branch="False" />
          </lines>
        </class>
        <class name="DotnetIsolate.Core.SolutionFileXml/pruneEmptyFolders@18" filename="SolutionFileXml.fs" line-rate="1" branch-rate="0.5" complexity="2">
          <methods />
          <lines />
        </class>
        <class name="DotnetIsolate.Core.SolutionFile" filename="SolutionFile.fs" line-rate="0.9814" branch-rate="0.9666" complexity="37">
          <methods>
            <method name="isProjectHeader" signature="(System.String)" line-rate="1" branch-rate="1" complexity="1">
              <lines>
                <line number="22" hits="59" branch="False" />
              </lines>
            </method>
            <method name="isEndProject" signature="(System.String)" line-rate="0" branch-rate="1" complexity="1">
              <lines>
                <line number="23" hits="0" branch="False" />
              </lines>
            </method>
            <method name="splitLines" signature="(System.String)" line-rate="1" branch-rate="1" complexity="1">
              <lines>
                <line number="26" hits="7" branch="False" />
              </lines>
            </method>
            <method name="collectHeader@33" signature="(Microsoft.FSharp.Collections.FSharpList`1&lt;System.String&gt;,Microsoft.FSharp.Collections.FSharpList`1&lt;System.String&gt;)" line-rate="1" branch-rate="1" complexity="6">
              <lines>
                <line number="34" hits="38" branch="True" condition-coverage="100% (4/4)">
                  <conditions>
                    <condition number="7" type="jump" coverage="100%" />
                    <condition number="24" type="jump" coverage="100%" />
                  </conditions>
                </line>
                <line number="35" hits="62" branch="True" condition-coverage="100% (2/2)">
                  <conditions>
                    <condition number="52" type="jump" coverage="100%" />
                  </conditions>
                </line>
                <line number="36" hits="7" branch="False" />
              </lines>
            </method>
            <method name="collectEntries@38" signature="(Microsoft.FSharp.Collections.FSharpList`1&lt;System.String&gt;,Microsoft.FSharp.Collections.FSharpList`1&lt;DotnetIsolate.Core.SolutionFile/ProjectEntry&gt;)" line-rate="1" branch-rate="1" complexity="4">
              <lines>
                <line number="39" hits="21" branch="True" condition-coverage="100% (2/2)">
                  <conditions>
                    <condition number="7" type="jump" coverage="100%" />
                  </conditions>
                </line>
                <line number="40" hits="21" branch="True" condition-coverage="100% (2/2)">
                  <conditions>
                    <condition number="25" type="jump" coverage="100%" />
                  </conditions>
                </line>
                <line number="41" hits="14" branch="False" />
                <line number="42" hits="14" branch="False" />
                <line number="43" hits="14" branch="False" />
                <line number="44" hits="14" branch="False" />
                <line number="46" hits="14" branch="False" />
                <line number="47" hits="14" branch="False" />
                <line number="48" hits="14" branch="False" />
                <line number="49" hits="14" branch="False" />
                <line number="51" hits="14" branch="False" />
                <line number="52" hits="7" branch="False" />
              </lines>
            </method>
            <method name="collectGlobal@54" signature="(Microsoft.FSharp.Collections.FSharpList`1&lt;System.String&gt;,Microsoft.FSharp.Collections.FSharpList`1&lt;System.String&gt;)" line-rate="1" branch-rate="1" complexity="4">
              <lines>
                <line number="55" hits="59" branch="True" condition-coverage="100% (2/2)">
                  <conditions>
                    <condition number="7" type="jump" coverage="100%" />
                  </conditions>
                </line>
                <line number="56" hits="1" branch="False" />
                <line number="58" hits="58" branch="False" />
                <line number="59" hits="116" branch="True" condition-coverage="100% (2/2)">
                  <conditions>
                    <condition number="69" type="jump" coverage="100%" />
                  </conditions>
                </line>
              </lines>
            </method>
            <method name="parse" signature="(Microsoft.FSharp.Collections.FSharpList`1&lt;System.String&gt;)" line-rate="1" branch-rate="1" complexity="1">
              <lines>
                <line number="61" hits="7" branch="False" />
                <line number="62" hits="7" branch="False" />
                <line number="63" hits="7" branch="False" />
                <line number="65" hits="7" branch="False" />
                <line number="66" hits="7" branch="False" />
                <line number="67" hits="7" branch="False" />
                <line number="68" hits="7" branch="False" />
              </lines>
            </method>
            <method name="go@78-7" signature="(Microsoft.FSharp.Collections.FSharpSet`1&lt;System.String&gt;,Microsoft.FSharp.Collections.FSharpList`1&lt;System.String&gt;,Microsoft.FSharp.Core.FSharpOption`1&lt;System.String&gt;,Microsoft.FSharp.Collections.FSharpList`1&lt;System.String&gt;)" line-rate="1" branch-rate="0.9375" complexity="16">
              <lines>
                <line number="79" hits="65" branch="True" condition-coverage="100% (2/2)">
                  <conditions>
                    <condition number="7" type="jump" coverage="100%" />
                  </conditions>
                </line>
                <line number="80" hits="7" branch="False" />
                <line number="82" hits="58" branch="False" />
                <line number="84" hits="58" branch="True" condition-coverage="100% (2/2)">
                  <conditions>
                    <condition number="55" type="jump" coverage="100%" />
                  </conditions>
                </line>
                <line number="85" hits="13" branch="False" />
                <line number="86" hits="13" branch="False" />
                <line number="87" hits="45" branch="True" condition-coverage="100% (2/2)">
                  <conditions>
                    <condition number="124" type="jump" coverage="100%" />
                  </conditions>
                </line>
                <line number="88" hits="13" branch="False" />
                <line number="90" hits="32" branch="True" condition-coverage="100% (6/6)">
                  <conditions>
                    <condition number="151" type="jump" coverage="100%" />
                    <condition number="176" type="jump" coverage="100%" />
                    <condition number="195" type="jump" coverage="100%" />
                  </conditions>
                </line>
                <line number="92" hits="12" branch="False" />
                <line number="93" hits="24" branch="True" condition-coverage="50% (1/2)">
                  <conditions>
                    <condition number="219" type="jump" coverage="50%" />
                  </conditions>
                </line>
                <line number="94" hits="36" branch="True" condition-coverage="100% (2/2)">
                  <conditions>
                    <condition number="258" type="jump" coverage="100%" />
                  </conditions>
                </line>
                <line number="95" hits="1" branch="False" />
                <line number="96" hits="19" branch="False" />
              </lines>
            </method>
            <method name="filterGlobalLines" signature="(Microsoft.FSharp.Collections.FSharpSet`1&lt;System.String&gt;,Microsoft.FSharp.Collections.FSharpList`1&lt;System.String&gt;)" line-rate="1" branch-rate="1" complexity="1">
              <lines>
                <line number="98" hits="7" branch="False" />
              </lines>
            </method>
            <method name="resolvedPath@110" signature="(System.String,DotnetIsolate.Core.SolutionFile/ProjectEntry)" line-rate="1" branch-rate="1" complexity="1">
              <lines>
                <line number="110" hits="14" branch="False" />
              </lines>
            </method>
            <method name="filterSln" signature="(System.String,Microsoft.FSharp.Collections.FSharpSet`1&lt;System.String&gt;,System.String)" line-rate="1" branch-rate="1" complexity="1">
              <lines>
                <line number="108" hits="7" branch="False" />
                <line number="113" hits="7" branch="False" />
                <line number="114" hits="21" branch="False" />
                <line number="116" hits="14" branch="False" />
                <line number="117" hits="14" branch="False" />
                <line number="118" hits="7" branch="False" />
                <line number="120" hits="7" branch="False" />
                <line number="121" hits="7" branch="False" />
                <line number="123" hits="7" branch="False" />
              </lines>
            </method>
          </methods>
          <lines>
            <line number="22" hits="59" branch="False" />
            <line number="23" hits="0" branch="False" />
            <line number="26" hits="7" branch="False" />
            <line number="34" hits="38" branch="True" condition-coverage="100% (4/4)">
              <conditions>
                <condition number="7" type="jump" coverage="100%" />
                <condition number="24" type="jump" coverage="100%" />
              </conditions>
            </line>
            <line number="35" hits="62" branch="True" condition-coverage="100% (2/2)">
              <conditions>
                <condition number="52" type="jump" coverage="100%" />
              </conditions>
            </line>
            <line number="36" hits="7" branch="False" />
            <line number="39" hits="21" branch="True" condition-coverage="100% (2/2)">
              <conditions>
                <condition number="7" type="jump" coverage="100%" />
              </conditions>
            </line>
            <line number="40" hits="21" branch="True" condition-coverage="100% (2/2)">
              <conditions>
                <condition number="25" type="jump" coverage="100%" />
              </conditions>
            </line>
            <line number="41" hits="14" branch="False" />
            <line number="42" hits="14" branch="False" />
            <line number="43" hits="14" branch="False" />
            <line number="44" hits="14" branch="False" />
            <line number="46" hits="14" branch="False" />
            <line number="47" hits="14" branch="False" />
            <line number="48" hits="14" branch="False" />
            <line number="49" hits="14" branch="False" />
            <line number="51" hits="14" branch="False" />
            <line number="52" hits="7" branch="False" />
            <line number="55" hits="59" branch="True" condition-coverage="100% (2/2)">
              <conditions>
                <condition number="7" type="jump" coverage="100%" />
              </conditions>
            </line>
            <line number="56" hits="1" branch="False" />
            <line number="58" hits="58" branch="False" />
            <line number="59" hits="116" branch="True" condition-coverage="100% (2/2)">
              <conditions>
                <condition number="69" type="jump" coverage="100%" />
              </conditions>
            </line>
            <line number="61" hits="7" branch="False" />
            <line number="62" hits="7" branch="False" />
            <line number="63" hits="7" branch="False" />
            <line number="65" hits="7" branch="False" />
            <line number="66" hits="7" branch="False" />
            <line number="67" hits="7" branch="False" />
            <line number="68" hits="7" branch="False" />
            <line number="79" hits="65" branch="True" condition-coverage="100% (2/2)">
              <conditions>
                <condition number="7" type="jump" coverage="100%" />
              </conditions>
            </line>
            <line number="80" hits="7" branch="False" />
            <line number="82" hits="58" branch="False" />
            <line number="84" hits="58" branch="True" condition-coverage="100% (2/2)">
              <conditions>
                <condition number="55" type="jump" coverage="100%" />
              </conditions>
            </line>
            <line number="85" hits="13" branch="False" />
            <line number="86" hits="13" branch="False" />
            <line number="87" hits="45" branch="True" condition-coverage="100% (2/2)">
              <conditions>
                <condition number="124" type="jump" coverage="100%" />
              </conditions>
            </line>
            <line number="88" hits="13" branch="False" />
            <line number="90" hits="32" branch="True" condition-coverage="100% (6/6)">
              <conditions>
                <condition number="151" type="jump" coverage="100%" />
                <condition number="176" type="jump" coverage="100%" />
                <condition number="195" type="jump" coverage="100%" />
              </conditions>
            </line>
            <line number="92" hits="12" branch="False" />
            <line number="93" hits="24" branch="True" condition-coverage="50% (1/2)">
              <conditions>
                <condition number="219" type="jump" coverage="50%" />
              </conditions>
            </line>
            <line number="94" hits="36" branch="True" condition-coverage="100% (2/2)">
              <conditions>
                <condition number="258" type="jump" coverage="100%" />
              </conditions>
            </line>
            <line number="95" hits="1" branch="False" />
            <line number="96" hits="19" branch="False" />
            <line number="98" hits="7" branch="False" />
            <line number="110" hits="14" branch="False" />
            <line number="108" hits="7" branch="False" />
            <line number="113" hits="7" branch="False" />
            <line number="114" hits="21" branch="False" />
            <line number="116" hits="14" branch="False" />
            <line number="117" hits="14" branch="False" />
            <line number="118" hits="7" branch="False" />
            <line number="120" hits="7" branch="False" />
            <line number="121" hits="7" branch="False" />
            <line number="123" hits="7" branch="False" />
          </lines>
        </class>
        <class name="DotnetIsolate.Core.DeclaredProjectPath" filename="DeclaredProjectPath.fs" line-rate="0" branch-rate="1" complexity="1">
          <methods>
            <method name="resolve" signature="(System.String,System.String)" line-rate="0" branch-rate="1" complexity="1">
              <lines>
                <line number="10" hits="0" branch="False" />
              </lines>
            </method>
          </methods>
          <lines>
            <line number="10" hits="0" branch="False" />
          </lines>
        </class>
        <class name="DotnetIsolate.Core.OutputSafety" filename="OutputSafety.fs" line-rate="0.9333" branch-rate="0.875" complexity="9">
          <methods>
            <method name="partitionInputs" signature="(System.String,Microsoft.FSharp.Collections.FSharpList`1&lt;System.String&gt;)" line-rate="1" branch-rate="1" complexity="1">
              <lines>
                <line number="20" hits="6" branch="False" />
                <line number="22" hits="6" branch="False" />
                <line number="23" hits="6" branch="False" />
              </lines>
            </method>
            <method name="validate" signature="(System.Boolean,System.String,DotnetIsolate.Core.OutputSafety/InputPartition)" line-rate="0.9166" branch-rate="0.875" complexity="8">
              <lines>
                <line number="45" hits="4" branch="True" condition-coverage="100% (2/2)">
                  <conditions>
                    <condition number="12" type="jump" coverage="100%" />
                  </conditions>
                </line>
                <line number="46" hits="1" branch="False" />
                <line number="47" hits="1" branch="False" />
                <line number="48" hits="8" branch="True" condition-coverage="100% (4/4)">
                  <conditions>
                    <condition number="57" type="jump" coverage="100%" />
                    <condition number="81" type="jump" coverage="100%" />
                  </conditions>
                </line>
                <line number="51" hits="1" branch="False" />
                <line number="52" hits="1" branch="False" />
                <line number="55" hits="1" branch="True" condition-coverage="50% (1/2)">
                  <conditions>
                    <condition number="115" type="jump" coverage="50%" />
                  </conditions>
                </line>
                <line number="56" hits="0" branch="False" />
                <line number="58" hits="1" branch="False" />
                <line number="60" hits="1" branch="False" />
                <line number="61" hits="1" branch="False" />
                <line number="63" hits="2" branch="False" />
              </lines>
            </method>
          </methods>
          <lines>
            <line number="20" hits="6" branch="False" />
            <line number="22" hits="6" branch="False" />
            <line number="23" hits="6" branch="False" />
            <line number="45" hits="4" branch="True" condition-coverage="100% (2/2)">
              <conditions>
                <condition number="12" type="jump" coverage="100%" />
              </conditions>
            </line>
            <line number="46" hits="1" branch="False" />
            <line number="47" hits="1" branch="False" />
            <line number="48" hits="8" branch="True" condition-coverage="100% (4/4)">
              <conditions>
                <condition number="57" type="jump" coverage="100%" />
                <condition number="81" type="jump" coverage="100%" />
              </conditions>
            </line>
            <line number="51" hits="1" branch="False" />
            <line number="52" hits="1" branch="False" />
            <line number="55" hits="1" branch="True" condition-coverage="50% (1/2)">
              <conditions>
                <condition number="115" type="jump" coverage="50%" />
              </conditions>
            </line>
            <line number="56" hits="0" branch="False" />
            <line number="58" hits="1" branch="False" />
            <line number="60" hits="1" branch="False" />
            <line number="61" hits="1" branch="False" />
            <line number="63" hits="2" branch="False" />
          </lines>
        </class>
        <class name="DotnetIsolate.Core.ForeignFiles" filename="ForeignFiles.fs" line-rate="1" branch-rate="0.875" complexity="9">
          <methods>
            <method name="go@15-6" signature="(Microsoft.FSharp.Core.FSharpFunc`2&lt;System.String,System.Boolean&gt;,Microsoft.FSharp.Core.FSharpOption`1&lt;System.String&gt;)" line-rate="1" branch-rate="1" complexity="6">
              <lines>
                <line number="16" hits="23" branch="True" condition-coverage="100% (2/2)">
                  <conditions>
                    <condition number="2" type="jump" coverage="100%" />
                  </conditions>
                </line>
                <line number="17" hits="2" branch="False" />
                <line number="18" hits="33" branch="True" condition-coverage="100% (2/2)">
                  <conditions>
                    <condition number="18" type="jump" coverage="100%" />
                  </conditions>
                </line>
                <line number="19" hits="9" branch="True" condition-coverage="100% (2/2)">
                  <conditions>
                    <condition number="54" type="jump" coverage="100%" />
                  </conditions>
                </line>
              </lines>
            </method>
            <method name="owningProjectDirectory" signature="(Microsoft.FSharp.Core.FSharpFunc`2&lt;System.String,System.Boolean&gt;,System.String)" line-rate="1" branch-rate="0.5" complexity="2">
              <lines>
                <line number="21" hits="14" branch="True" condition-coverage="50% (1/2)">
                  <conditions>
                    <condition number="11" type="jump" coverage="50%" />
                  </conditions>
                </line>
              </lines>
            </method>
            <method name="detect" signature="(Microsoft.FSharp.Core.FSharpFunc`2&lt;System.String,System.Boolean&gt;,Microsoft.FSharp.Collections.FSharpList`1&lt;System.String&gt;,Microsoft.FSharp.Collections.FSharpList`1&lt;System.String&gt;)" line-rate="1" branch-rate="1" complexity="1">
              <lines>
                <line number="42" hits="9" branch="False" />
                <line number="43" hits="9" branch="False" />
                <line number="44" hits="11" branch="False" />
                <line number="45" hits="16" branch="False" />
                <line number="46" hits="5" branch="False" />
                <line number="47" hits="9" branch="False" />
                <line number="48" hits="9" branch="False" />
                <line number="49" hits="14" branch="False" />
                <line number="50" hits="14" branch="False" />
              </lines>
            </method>
          </methods>
          <lines>
            <line number="16" hits="23" branch="True" condition-coverage="100% (2/2)">
              <conditions>
                <condition number="2" type="jump" coverage="100%" />
              </conditions>
            </line>
            <line number="17" hits="2" branch="False" />
            <line number="18" hits="33" branch="True" condition-coverage="100% (2/2)">
              <conditions>
                <condition number="18" type="jump" coverage="100%" />
              </conditions>
            </line>
            <line number="19" hits="9" branch="True" condition-coverage="100% (2/2)">
              <conditions>
                <condition number="54" type="jump" coverage="100%" />
              </conditions>
            </line>
            <line number="21" hits="14" branch="True" condition-coverage="50% (1/2)">
              <conditions>
                <condition number="11" type="jump" coverage="50%" />
              </conditions>
            </line>
            <line number="42" hits="9" branch="False" />
            <line number="43" hits="9" branch="False" />
            <line number="44" hits="11" branch="False" />
            <line number="45" hits="16" branch="False" />
            <line number="46" hits="5" branch="False" />
            <line number="47" hits="9" branch="False" />
            <line number="48" hits="9" branch="False" />
            <line number="49" hits="14" branch="False" />
            <line number="50" hits="14" branch="False" />
          </lines>
        </class>
        <class name="DotnetIsolate.Core.ForeignFiles/detect@43-3" filename="ForeignFiles.fs" line-rate="1" branch-rate="1" complexity="4">
          <methods />
          <lines />
        </class>
        <class name="DotnetIsolate.Core.BuildArtifacts" filename="BuildArtifacts.fs" line-rate="0.9229999999999999" branch-rate="0.8887999999999999" complexity="21">
          <methods>
            <method name="isGeneratedReportName" signature="(System.String)" line-rate="1" branch-rate="0.875" complexity="8">
              <lines>
                <line number="25" hits="18" branch="True" condition-coverage="100% (2/2)">
                  <conditions>
                    <condition number="12" type="jump" coverage="100%" />
                  </conditions>
                </line>
                <line number="26" hits="17" branch="True" condition-coverage="100% (2/2)">
                  <conditions>
                    <condition number="26" type="jump" coverage="100%" />
                  </conditions>
                </line>
                <line number="27" hits="16" branch="True" condition-coverage="100% (2/2)">
                  <conditions>
                    <condition number="40" type="jump" coverage="100%" />
                  </conditions>
                </line>
                <line number="28" hits="15" branch="True" condition-coverage="50% (1/2)">
                  <conditions>
                    <condition number="56" type="jump" coverage="50%" />
                  </conditions>
                </line>
              </lines>
            </method>
            <method name="go@36-5" signature="(Microsoft.FSharp.Core.FSharpOption`1&lt;System.String&gt;)" line-rate="1" branch-rate="1" complexity="4">
              <lines>
                <line number="37" hits="66" branch="True" condition-coverage="100% (2/2)">
                  <conditions>
                    <condition number="2" type="jump" coverage="100%" />
                  </conditions>
                </line>
                <line number="38" hits="14" branch="False" />
                <line number="39" hits="52" branch="True" condition-coverage="100% (2/2)">
                  <conditions>
                    <condition number="30" type="jump" coverage="100%" />
                  </conditions>
                </line>
              </lines>
            </method>
            <method name="ancestorDirectories" signature="(System.String)" line-rate="1" branch-rate="0.5" complexity="2">
              <lines>
                <line number="41" hits="14" branch="True" condition-coverage="50% (1/2)">
                  <conditions>
                    <condition number="8" type="jump" coverage="50%" />
                  </conditions>
                </line>
              </lines>
            </method>
            <method name="equalsIgnoreCase" signature="(System.String,System.String)" line-rate="0" branch-rate="1" complexity="1">
              <lines>
                <line number="44" hits="0" branch="False" />
              </lines>
            </method>
            <method name="underArtifactDirectory@68" signature="(Microsoft.FSharp.Core.FSharpFunc`2&lt;System.String,System.Boolean&gt;,System.String,Microsoft.FSharp.Core.Unit)" line-rate="0.9166" branch-rate="1" complexity="1">
              <lines>
                <line number="69" hits="14" branch="False" />
                <line number="70" hits="14" branch="False" />
                <line number="71" hits="34" branch="False" />
                <line number="72" hits="14" branch="False" />
                <line number="73" hits="34" branch="False" />
                <line number="74" hits="1" branch="False" />
                <line number="75" hits="33" branch="False" />
                <line number="76" hits="6" branch="False" />
                <line number="77" hits="6" branch="False" />
                <line number="78" hits="0" branch="False" />
                <line number="79" hits="14" branch="False" />
                <line number="80" hits="41" branch="False" />
              </lines>
            </method>
            <method name="isBuildArtifact" signature="(Microsoft.FSharp.Core.FSharpFunc`2&lt;System.String,System.Boolean&gt;,Microsoft.FSharp.Collections.FSharpList`1&lt;System.String&gt;,System.String)" line-rate="1" branch-rate="1" complexity="4">
              <lines>
                <line number="64" hits="20" branch="False" />
                <line number="66" hits="18" branch="False" />
                <line number="82" hits="49" branch="True" condition-coverage="100% (4/4)">
                  <conditions>
                    <condition number="26" type="jump" coverage="100%" />
                    <condition number="29" type="jump" coverage="100%" />
                  </conditions>
                </line>
              </lines>
            </method>
            <method name="partition" signature="(Microsoft.FSharp.Core.FSharpFunc`2&lt;System.String,System.Boolean&gt;,Microsoft.FSharp.Collections.FSharpList`1&lt;System.String&gt;,Microsoft.FSharp.Collections.FSharpList`1&lt;System.String&gt;)" line-rate="1" branch-rate="1" complexity="1">
              <lines>
                <line number="94" hits="1" branch="False" />
                <line number="96" hits="1" branch="False" />
              </lines>
            </method>
          </methods>
          <lines>
            <line number="25" hits="18" branch="True" condition-coverage="100% (2/2)">
              <conditions>
                <condition number="12" type="jump" coverage="100%" />
              </conditions>
            </line>
            <line number="26" hits="17" branch="True" condition-coverage="100% (2/2)">
              <conditions>
                <condition number="26" type="jump" coverage="100%" />
              </conditions>
            </line>
            <line number="27" hits="16" branch="True" condition-coverage="100% (2/2)">
              <conditions>
                <condition number="40" type="jump" coverage="100%" />
              </conditions>
            </line>
            <line number="28" hits="15" branch="True" condition-coverage="50% (1/2)">
              <conditions>
                <condition number="56" type="jump" coverage="50%" />
              </conditions>
            </line>
            <line number="37" hits="66" branch="True" condition-coverage="100% (2/2)">
              <conditions>
                <condition number="2" type="jump" coverage="100%" />
              </conditions>
            </line>
            <line number="38" hits="14" branch="False" />
            <line number="39" hits="52" branch="True" condition-coverage="100% (2/2)">
              <conditions>
                <condition number="30" type="jump" coverage="100%" />
              </conditions>
            </line>
            <line number="41" hits="14" branch="True" condition-coverage="50% (1/2)">
              <conditions>
                <condition number="8" type="jump" coverage="50%" />
              </conditions>
            </line>
            <line number="44" hits="0" branch="False" />
            <line number="69" hits="14" branch="False" />
            <line number="70" hits="14" branch="False" />
            <line number="71" hits="34" branch="False" />
            <line number="72" hits="14" branch="False" />
            <line number="73" hits="34" branch="False" />
            <line number="74" hits="1" branch="False" />
            <line number="75" hits="33" branch="False" />
            <line number="76" hits="6" branch="False" />
            <line number="77" hits="6" branch="False" />
            <line number="78" hits="0" branch="False" />
            <line number="79" hits="14" branch="False" />
            <line number="80" hits="41" branch="False" />
            <line number="64" hits="20" branch="False" />
            <line number="66" hits="18" branch="False" />
            <line number="82" hits="49" branch="True" condition-coverage="100% (4/4)">
              <conditions>
                <condition number="26" type="jump" coverage="100%" />
                <condition number="29" type="jump" coverage="100%" />
              </conditions>
            </line>
            <line number="94" hits="1" branch="False" />
            <line number="96" hits="1" branch="False" />
          </lines>
        </class>
        <class name="DotnetIsolate.Core.BuildArtifacts/underArtifactDirectory@70-1" filename="BuildArtifacts.fs" line-rate="1" branch-rate="0.75" complexity="8">
          <methods />
          <lines />
        </class>
        <class name="DotnetIsolate.Core.MirrorRoot" filename="MirrorRoot.fs" line-rate="1" branch-rate="0.9" complexity="14">
          <methods>
            <method name="segments" signature="(System.String)" line-rate="1" branch-rate="1" complexity="1">
              <lines>
                <line number="6" hits="83" branch="False" />
              </lines>
            </method>
            <method name="go@9-4" signature="(Microsoft.FSharp.Collections.FSharpList`1&lt;System.String&gt;,Microsoft.FSharp.Collections.FSharpList`1&lt;System.String&gt;)" line-rate="1" branch-rate="1" complexity="6">
              <lines>
                <line number="10" hits="144" branch="True" condition-coverage="100% (4/4)">
                  <conditions>
                    <condition number="7" type="jump" coverage="100%" />
                    <condition number="17" type="jump" coverage="100%" />
                  </conditions>
                </line>
                <line number="11" hits="226" branch="True" condition-coverage="100% (2/2)">
                  <conditions>
                    <condition number="39" type="jump" coverage="100%" />
                  </conditions>
                </line>
                <line number="12" hits="41" branch="False" />
              </lines>
            </method>
            <method name="commonPrefixOfTwo" signature="(Microsoft.FSharp.Collections.FSharpList`1&lt;System.String&gt;,Microsoft.FSharp.Collections.FSharpList`1&lt;System.String&gt;)" line-rate="1" branch-rate="1" complexity="1">
              <lines>
                <line number="14" hits="41" branch="False" />
              </lines>
            </method>
            <method name="comparisonSegments" signature="(System.String)" line-rate="1" branch-rate="1" complexity="1">
              <lines>
                <line number="32" hits="72" branch="False" />
              </lines>
            </method>
            <method name="isUnder" signature="(System.String,System.String)" line-rate="1" branch-rate="1" complexity="1">
              <lines>
                <line number="38" hits="26" branch="False" />
                <line number="40" hits="26" branch="False" />
              </lines>
            </method>
            <method name="sameDirectory" signature="(System.String,System.String)" line-rate="1" branch-rate="0.5" complexity="2">
              <lines>
                <line number="49" hits="10" branch="False" />
                <line number="50" hits="10" branch="False" />
                <line number="52" hits="10" branch="True" condition-coverage="50% (1/2)">
                  <conditions>
                    <condition number="26" type="jump" coverage="50%" />
                  </conditions>
                </line>
                <line number="53" hits="10" branch="False" />
              </lines>
            </method>
            <method name="compute" signature="(Microsoft.FSharp.Collections.FSharpList`1&lt;System.String&gt;)" line-rate="1" branch-rate="1" complexity="2">
              <lines>
                <line number="65" hits="7" branch="True" condition-coverage="100% (2/2)">
                  <conditions>
                    <condition number="7" type="jump" coverage="100%" />
                  </conditions>
                </line>
                <line number="66" hits="1" branch="False" />
                <line number="69" hits="11" branch="False" />
                <line number="71" hits="6" branch="False" />
              </lines>
            </method>
          </methods>
          <lines>
            <line number="6" hits="83" branch="False" />
            <line number="10" hits="144" branch="True" condition-coverage="100% (4/4)">
              <conditions>
                <condition number="7" type="jump" coverage="100%" />
                <condition number="17" type="jump" coverage="100%" />
              </conditions>
            </line>
            <line number="11" hits="226" branch="True" condition-coverage="100% (2/2)">
              <conditions>
                <condition number="39" type="jump" coverage="100%" />
              </conditions>
            </line>
            <line number="12" hits="41" branch="False" />
            <line number="14" hits="41" branch="False" />
            <line number="32" hits="72" branch="False" />
            <line number="38" hits="26" branch="False" />
            <line number="40" hits="26" branch="False" />
            <line number="49" hits="10" branch="False" />
            <line number="50" hits="10" branch="False" />
            <line number="52" hits="10" branch="True" condition-coverage="50% (1/2)">
              <conditions>
                <condition number="26" type="jump" coverage="50%" />
              </conditions>
            </line>
            <line number="53" hits="10" branch="False" />
            <line number="65" hits="7" branch="True" condition-coverage="100% (2/2)">
              <conditions>
                <condition number="7" type="jump" coverage="100%" />
              </conditions>
            </line>
            <line number="66" hits="1" branch="False" />
            <line number="69" hits="11" branch="False" />
            <line number="71" hits="6" branch="False" />
          </lines>
        </class>
        <class name="DotnetIsolate.Core.ImplicitFiles" filename="ImplicitFiles.fs" line-rate="1" branch-rate="1" complexity="10">
          <methods>
            <method name="go@13-3" signature="(Microsoft.FSharp.Core.FSharpFunc`2&lt;System.String,Microsoft.FSharp.Collections.FSharpList`1&lt;System.String&gt;&gt;,Microsoft.FSharp.Core.FSharpOption`1&lt;System.String&gt;,Microsoft.FSharp.Core.FSharpOption`1&lt;System.String&gt;)" line-rate="1" branch-rate="1" complexity="8">
              <lines>
                <line number="14" hits="21" branch="True" condition-coverage="100% (2/2)">
                  <conditions>
                    <condition number="2" type="jump" coverage="100%" />
                  </conditions>
                </line>
                <line number="15" hits="1" branch="False" />
                <line number="17" hits="20" branch="False" />
                <line number="19" hits="20" branch="True" condition-coverage="100% (4/4)">
                  <conditions>
                    <condition number="31" type="jump" coverage="100%" />
                    <condition number="48" type="jump" coverage="100%" />
                  </conditions>
                </line>
                <line number="20" hits="6" branch="False" />
                <line number="22" hits="14" branch="True" condition-coverage="100% (2/2)">
                  <conditions>
                    <condition number="65" type="jump" coverage="100%" />
                  </conditions>
                </line>
              </lines>
            </method>
            <method name="resolve" signature="(Microsoft.FSharp.Core.FSharpFunc`2&lt;System.String,Microsoft.FSharp.Collections.FSharpList`1&lt;System.String&gt;&gt;,Microsoft.FSharp.Core.FSharpOption`1&lt;System.String&gt;,System.String)" line-rate="1" branch-rate="1" complexity="1">
              <lines>
                <line number="24" hits="7" branch="False" />
              </lines>
            </method>
            <method name="resolveForProjects" signature="(Microsoft.FSharp.Core.FSharpFunc`2&lt;System.String,Microsoft.FSharp.Collections.FSharpList`1&lt;System.String&gt;&gt;,Microsoft.FSharp.Core.FSharpOption`1&lt;System.String&gt;,Microsoft.FSharp.Collections.FSharpList`1&lt;System.String&gt;)" line-rate="1" branch-rate="1" complexity="1">
              <lines>
                <line number="28" hits="1" branch="False" />
              </lines>
            </method>
          </methods>
          <lines>
            <line number="14" hits="21" branch="True" condition-coverage="100% (2/2)">
              <conditions>
                <condition number="2" type="jump" coverage="100%" />
              </conditions>
            </line>
            <line number="15" hits="1" branch="False" />
            <line number="17" hits="20" branch="False" />
            <line number="19" hits="20" branch="True" condition-coverage="100% (4/4)">
              <conditions>
                <condition number="31" type="jump" coverage="100%" />
                <condition number="48" type="jump" coverage="100%" />
              </conditions>
            </line>
            <line number="20" hits="6" branch="False" />
            <line number="22" hits="14" branch="True" condition-coverage="100% (2/2)">
              <conditions>
                <condition number="65" type="jump" coverage="100%" />
              </conditions>
            </line>
            <line number="24" hits="7" branch="False" />
            <line number="28" hits="1" branch="False" />
          </lines>
        </class>
        <class name="DotnetIsolate.Core.SolutionDiscovery" filename="SolutionDiscovery.fs" line-rate="1" branch-rate="1" complexity="11">
          <methods>
            <method name="go@24-2" signature="(Microsoft.FSharp.Core.FSharpFunc`2&lt;System.String,Microsoft.FSharp.Collections.FSharpList`1&lt;System.String&gt;&gt;,Microsoft.FSharp.Core.FSharpOption`1&lt;System.String&gt;)" line-rate="1" branch-rate="1" complexity="6">
              <lines>
                <line number="25" hits="10" branch="True" condition-coverage="100% (2/2)">
                  <conditions>
                    <condition number="2" type="jump" coverage="100%" />
                  </conditions>
                </line>
                <line number="26" hits="1" branch="False" />
                <line number="28" hits="9" branch="True" condition-coverage="100% (2/2)">
                  <conditions>
                    <condition number="36" type="jump" coverage="100%" />
                  </conditions>
                </line>
                <line number="29" hits="3" branch="False" />
                <line number="30" hits="6" branch="True" condition-coverage="100% (2/2)">
                  <conditions>
                    <condition number="75" type="jump" coverage="100%" />
                  </conditions>
                </line>
              </lines>
            </method>
            <method name="findSolutionRoot" signature="(Microsoft.FSharp.Core.FSharpFunc`2&lt;System.String,Microsoft.FSharp.Collections.FSharpList`1&lt;System.String&gt;&gt;,System.String)" line-rate="1" branch-rate="1" complexity="1">
              <lines>
                <line number="32" hits="4" branch="False" />
              </lines>
            </method>
            <method name="resolveSolutionRoot" signature="(Microsoft.FSharp.Core.FSharpFunc`2&lt;System.String,Microsoft.FSharp.Collections.FSharpList`1&lt;System.String&gt;&gt;,Microsoft.FSharp.Core.FSharpOption`1&lt;System.String&gt;,System.String)" line-rate="1" branch-rate="1" complexity="4">
              <lines>
                <line number="42" hits="6" branch="True" condition-coverage="100% (2/2)">
                  <conditions>
                    <condition number="2" type="jump" coverage="100%" />
                  </conditions>
                </line>
                <line number="44" hits="2" branch="False" />
                <line number="46" hits="2" branch="False" />
                <line number="47" hits="2" branch="False" />
                <line number="48" hits="2" branch="False" />
                <line number="49" hits="2" branch="False" />
                <line number="51" hits="4" branch="True" condition-coverage="100% (2/2)">
                  <conditions>
                    <condition number="54" type="jump" coverage="100%" />
                  </conditions>
                </line>
                <line number="52" hits="4" branch="False" />
                <line number="53" hits="7" branch="False" />
                <line number="54" hits="7" branch="False" />
                <line number="55" hits="7" branch="False" />
              </lines>
            </method>
          </methods>
          <lines>
            <line number="25" hits="10" branch="True" condition-coverage="100% (2/2)">
              <conditions>
                <condition number="2" type="jump" coverage="100%" />
              </conditions>
            </line>
            <line number="26" hits="1" branch="False" />
            <line number="28" hits="9" branch="True" condition-coverage="100% (2/2)">
              <conditions>
                <condition number="36" type="jump" coverage="100%" />
              </conditions>
            </line>
            <line number="29" hits="3" branch="False" />
            <line number="30" hits="6" branch="True" condition-coverage="100% (2/2)">
              <conditions>
                <condition number="75" type="jump" coverage="100%" />
              </conditions>
            </line>
            <line number="32" hits="4" branch="False" />
            <line number="42" hits="6" branch="True" condition-coverage="100% (2/2)">
              <conditions>
                <condition number="2" type="jump" coverage="100%" />
              </conditions>
            </line>
            <line number="44" hits="2" branch="False" />
            <line number="46" hits="2" branch="False" />
            <line number="47" hits="2" branch="False" />
            <line number="48" hits="2" branch="False" />
            <line number="49" hits="2" branch="False" />
            <line number="51" hits="4" branch="True" condition-coverage="100% (2/2)">
              <conditions>
                <condition number="54" type="jump" coverage="100%" />
              </conditions>
            </line>
            <line number="52" hits="4" branch="False" />
            <line number="53" hits="7" branch="False" />
            <line number="54" hits="7" branch="False" />
            <line number="55" hits="7" branch="False" />
          </lines>
        </class>
        <class name="DotnetIsolate.Core.ProjectGraph" filename="ProjectGraph.fs" line-rate="1" branch-rate="1" complexity="4">
          <methods>
            <method name="go@20" signature="(Microsoft.FSharp.Core.FSharpFunc`2&lt;System.String,Microsoft.FSharp.Collections.FSharpList`1&lt;System.String&gt;&gt;,Microsoft.FSharp.Collections.FSharpSet`1&lt;System.String&gt;,Microsoft.FSharp.Collections.FSharpList`1&lt;System.String&gt;,Microsoft.FSharp.Collections.FSharpList`1&lt;Microsoft.FSharp.Collections.FSharpList`1&lt;System.String&gt;&gt;)" line-rate="1" branch-rate="1" complexity="2">
              <lines>
                <line number="21" hits="32" branch="True" condition-coverage="100% (2/2)">
                  <conditions>
                    <condition number="7" type="jump" coverage="100%" />
                  </conditions>
                </line>
                <line number="22" hits="10" branch="False" />
                <line number="24" hits="247" branch="False" />
                <line number="27" hits="22" branch="False" />
                <line number="28" hits="22" branch="False" />
                <line number="29" hits="22" branch="False" />
                <line number="30" hits="22" branch="False" />
                <line number="31" hits="22" branch="False" />
                <line number="32" hits="22" branch="False" />
                <line number="33" hits="235" branch="False" />
                <line number="35" hits="22" branch="False" />
              </lines>
            </method>
            <method name="resolveMany" signature="(Microsoft.FSharp.Core.FSharpFunc`2&lt;System.String,Microsoft.FSharp.Collections.FSharpList`1&lt;System.String&gt;&gt;,Microsoft.FSharp.Collections.FSharpList`1&lt;System.String&gt;)" line-rate="1" branch-rate="1" complexity="1">
              <lines>
                <line number="37" hits="10" branch="False" />
              </lines>
            </method>
            <method name="resolve" signature="(Microsoft.FSharp.Core.FSharpFunc`2&lt;System.String,Microsoft.FSharp.Collections.FSharpList`1&lt;System.String&gt;&gt;,System.String)" line-rate="1" branch-rate="1" complexity="1">
              <lines>
                <line number="41" hits="7" branch="False" />
              </lines>
            </method>
          </methods>
          <lines>
            <line number="21" hits="32" branch="True" condition-coverage="100% (2/2)">
              <conditions>
                <condition number="7" type="jump" coverage="100%" />
              </conditions>
            </line>
            <line number="22" hits="10" branch="False" />
            <line number="24" hits="247" branch="False" />
            <line number="27" hits="22" branch="False" />
            <line number="28" hits="22" branch="False" />
            <line number="29" hits="22" branch="False" />
            <line number="30" hits="22" branch="False" />
            <line number="31" hits="22" branch="False" />
            <line number="32" hits="22" branch="False" />
            <line number="33" hits="235" branch="False" />
            <line number="35" hits="22" branch="False" />
            <line number="37" hits="10" branch="False" />
            <line number="41" hits="7" branch="False" />
          </lines>
        </class>
      </classes>
    </package>
  </packages>
</coverage>